Usage: bench  backup [OPTIONS]
Try 'bench  backup --help' for help.

Error: Please specify --site sitename
set -o pipefail; /usr/bin/mariadb-dump --user=_94e45df585bb45a8 --host=127.0.0.1 --port=3306 --password=********** --single-transaction --quick --lock-tables=false _94e45df585bb45a8 | /usr/bin/gzip >> ./book.site/private/backups/20250621_000002-book_site-database.sql.gz

Backup Summary for book.site at 2025-06-21 00:00:04.040649
Config  : /home/evandro/Documentos/MeusProjectos/LibreBookChallenge/LibreBook/sites/book.site/private/backups/20250621_000002-book_site-site_config_backup.json 127.0B
Database: /home/evandro/Documentos/MeusProjectos/LibreBookChallenge/LibreBook/sites/book.site/private/backups/20250621_000002-book_site-database.sql.gz 226.3KiB
Backup for Site book.site has been successfully completed
set -o pipefail; /usr/bin/mariadb-dump --user=_94e45df585bb45a8 --host=127.0.0.1 --port=3306 --password=********** --single-transaction --quick --lock-tables=false _94e45df585bb45a8 | /usr/bin/gzip >> ./book.site/private/backups/20250621_120003-book_site-database.sql.gz

Backup Summary for book.site at 2025-06-21 12:00:07.447909
Config  : /home/evandro/Documentos/MeusProjectos/LibreBookChallenge/LibreBook/sites/book.site/private/backups/20250621_120003-book_site-site_config_backup.json 127.0B
Database: /home/evandro/Documentos/MeusProjectos/LibreBookChallenge/LibreBook/sites/book.site/private/backups/20250621_120003-book_site-database.sql.gz 245.5KiB
Backup for Site book.site has been successfully completed
set -o pipefail; /usr/bin/mariadb-dump --user=_94e45df585bb45a8 --host=127.0.0.1 --port=3306 --password=********** --single-transaction --quick --lock-tables=false _94e45df585bb45a8 | /usr/bin/gzip >> ./book.site/private/backups/20250622_180003-book_site-database.sql.gz

Backup Summary for book.site at 2025-06-22 18:00:03.951308
Config  : /home/evandro/Documentos/MeusProjectos/LibreBookChallenge/LibreBook/sites/book.site/private/backups/20250622_180003-book_site-site_config_backup.json 127.0B
Database: /home/evandro/Documentos/MeusProjectos/LibreBookChallenge/LibreBook/sites/book.site/private/backups/20250622_180003-book_site-database.sql.gz 269.1KiB
Backup for Site book.site has been successfully completed
set -o pipefail; /usr/bin/mariadb-dump --user=_94e45df585bb45a8 --host=127.0.0.1 --port=3306 --password=********** --single-transaction --quick --lock-tables=false _94e45df585bb45a8 | /usr/bin/gzip >> ./book.site/private/backups/20250623_000003-book_site-database.sql.gz

Backup Summary for book.site at 2025-06-23 00:00:05.115344
Config  : /home/evandro/Documentos/MeusProjectos/LibreBookChallenge/LibreBook/sites/book.site/private/backups/20250623_000003-book_site-site_config_backup.json 127.0B
Database: /home/evandro/Documentos/MeusProjectos/LibreBookChallenge/LibreBook/sites/book.site/private/backups/20250623_000003-book_site-database.sql.gz 278.5KiB
Backup for Site book.site has been successfully completed
